#
# A fatal error has been detected by the Java Runtime Environment:
#
#  EXCEPTION_ACCESS_VIOLATION (0xc0000005) at pc=0x0000000003b6edfd, pid=8608, tid=0x00000000000025ac
#
# JRE version: Java(TM) SE Runtime Environment (8.0_131-b11) (build 1.8.0_131-b11)
# Java VM: Java HotSpot(TM) 64-Bit Server VM (25.131-b11 mixed mode windows-amd64 compressed oops)
# Problematic frame:
# J 5867 C1 org.springframework.util.LinkedCaseInsensitiveMap.get(Ljava/lang/Object;)Ljava/lang/Object; (41 bytes) @ 0x0000000003b6edfd [0x0000000003b6e700+0x6fd]
#
# Failed to write core dump. Minidumps are not enabled by default on client versions of Windows
#
# If you would like to submit a bug report, please visit:
#   http://bugreport.java.com/bugreport/crash.jsp
#

---------------  T H R E A D  ---------------

Current thread (0x000000001f435000):  JavaThread "http-nio-8111-exec-9" daemon [_thread_in_Java, id=9644, stack(0x00000000253d0000,0x00000000254d0000)]

siginfo: ExceptionCode=0xc0000005, writing address 0xfffffffff3958c88

Registers:
RAX=0x0000000016d96fa0, RBX=0x00000000dd508da8, RCX=0x0000000000019de9, RDX=0x00000000dd508da8
RSP=0x00000000254cd150, RBP=0x00000000254cd260, RSI=0x00000000dd508da8, RDI=0x00000000dd508bd8
R8 =0x00000000dd508da8, R9 =0x000000000000000c, R10=0x00000000dd508da8, R11=0x00000000dd508dc0
R12=0x0000000000000000, R13=0x000000000000000c, R14=0x000000000000000c, R15=0x000000001f435000
RIP=0x0000000003b6edfd, EFLAGS=0x0000000000010202

Top of Stack: (sp=0x00000000254cd150)
0x00000000254cd150:   00000000dd5093d8 00000000254cd278
0x00000000254cd160:   000000000283a044 00000000028256d0
0x00000000254cd170:   0000000000000000 00000000dd5093d8
0x00000000254cd180:   00000000d80f2568 00000000d80f2598
0x00000000254cd190:   00000000254cd201 00000000dd509558
0x00000000254cd1a0:   00000000254cd2b8 00000000dd508c18
0x00000000254cd1b0:   00000000dd508c18 00000000dd508bc0
0x00000000254cd1c0:   0000000085185f60 0000000085185f60
0x00000000254cd1d0:   00000000dd508bd8 00000000dd508da8
0x00000000254cd1e0:   00000000254cd250 0000000002828180
0x00000000254cd1f0:   00000000254cd260 0000000002828254
0x00000000254cd200:   00000000dd5093d8 0000000002828254
0x00000000254cd210:   0000000085185f60 00000000dd508bc0
0x00000000254cd220:   00000000254cd220 0000000021b7b0a5
0x00000000254cd230:   00000000254cd280 00000000242b0d88
0x00000000254cd240:   0000000000000000 0000000021b7b0f0 

Instructions: (pc=0x0000000003b6edfd)
0x0000000003b6eddd:   a0 6f d9 16 00 00 00 00 48 83 80 60 01 00 00 01
0x0000000003b6eded:   48 8b d6 48 89 b4 24 88 00 00 00 90 90 90 90 90
0x0000000003b6edfd:   80 90 e8 1c bc dc fe 4c 8b c0 41 c1 e8 10 4c 33
0x0000000003b6ee0d:   c0 49 8b d8 48 8b bc 24 80 00 00 00 49 b8 d8 c8 


Register to memory mapping:

RAX=0x0000000016d96fa0 is pointing into metadata
RBX=0x00000000dd508da8 is an oop
java.lang.String 
 - klass: 'java/lang/String'
RCX=0x0000000000019de9 is an unknown value
RDX=0x00000000dd508da8 is an oop
java.lang.String 
 - klass: 'java/lang/String'
RSP=0x00000000254cd150 is pointing into the stack for thread: 0x000000001f435000
RBP=0x00000000254cd260 is pointing into the stack for thread: 0x000000001f435000
RSI=0x00000000dd508da8 is an oop
java.lang.String 
 - klass: 'java/lang/String'
RDI=0x00000000dd508bd8 is an oop
org.springframework.util.LinkedCaseInsensitiveMap$1 
 - klass: 'org/springframework/util/LinkedCaseInsensitiveMap$1'
R8 =0x00000000dd508da8 is an oop
java.lang.String 
 - klass: 'java/lang/String'
R9 =0x000000000000000c is an unknown value
R10=0x00000000dd508da8 is an oop
java.lang.String 
 - klass: 'java/lang/String'
R11=0x00000000dd508dc0 is an oop
[C 
 - klass: {type array char}
 - length: 12
R12=0x0000000000000000 is an unknown value
R13=0x000000000000000c is an unknown value
R14=0x000000000000000c is an unknown value
R15=0x000000001f435000 is a thread


Stack: [0x00000000253d0000,0x00000000254d0000],  sp=0x00000000254cd150,  free space=1012k
Native frames: (J=compiled Java code, j=interpreted, Vv=VM code, C=native code)
C  0x0000000003b6edfd


---------------  P R O C E S S  ---------------

Java Threads: ( => current thread )
  0x000000001dde1800 JavaThread "Druid-ConnectionPool-Destroy-1474155611" daemon [_thread_blocked, id=11032, stack(0x0000000025c50000,0x0000000025d50000)]
  0x000000001dde2000 JavaThread "Druid-ConnectionPool-Create-1474155611" daemon [_thread_blocked, id=6668, stack(0x0000000024c20000,0x0000000024d20000)]
  0x000000001b415000 JavaThread "DestroyJavaVM" [_thread_blocked, id=11948, stack(0x0000000002720000,0x0000000002820000)]
  0x000000001b414800 JavaThread "http-nio-8111-AsyncTimeout" daemon [_thread_blocked, id=11020, stack(0x0000000025aa0000,0x0000000025ba0000)]
  0x000000001f438000 JavaThread "http-nio-8111-Acceptor-0" daemon [_thread_in_native, id=10060, stack(0x00000000255a0000,0x00000000256a0000)]
  0x000000001f437000 JavaThread "http-nio-8111-ClientPoller-1" daemon [_thread_in_native, id=12124, stack(0x0000000025890000,0x0000000025990000)]
  0x000000001f436800 JavaThread "http-nio-8111-ClientPoller-0" daemon [_thread_in_native, id=11376, stack(0x00000000256a0000,0x00000000257a0000)]
  0x000000001f435800 JavaThread "http-nio-8111-exec-10" daemon [_thread_blocked, id=8128, stack(0x0000000024e40000,0x0000000024f40000)]
=>0x000000001f435000 JavaThread "http-nio-8111-exec-9" daemon [_thread_in_Java, id=9644, stack(0x00000000253d0000,0x00000000254d0000)]
  0x000000001f434000 JavaThread "http-nio-8111-exec-8" daemon [_thread_blocked, id=5620, stack(0x00000000252a0000,0x00000000253a0000)]
  0x000000001f433800 JavaThread "http-nio-8111-exec-7" daemon [_thread_blocked, id=8780, stack(0x00000000250b0000,0x00000000251b0000)]
  0x000000001f432800 JavaThread "http-nio-8111-exec-6" daemon [_thread_blocked, id=11664, stack(0x0000000024f80000,0x0000000025080000)]
  0x000000001f432000 JavaThread "http-nio-8111-exec-5" daemon [_thread_blocked, id=5600, stack(0x0000000024d30000,0x0000000024e30000)]
  0x000000001f431000 JavaThread "http-nio-8111-exec-4" daemon [_thread_blocked, id=11400, stack(0x0000000024850000,0x0000000024950000)]
  0x000000001dde8000 JavaThread "http-nio-8111-exec-3" daemon [_thread_blocked, id=10016, stack(0x0000000019c30000,0x0000000019d30000)]
  0x000000001dde7800 JavaThread "http-nio-8111-exec-2" daemon [_thread_blocked, id=7420, stack(0x0000000024740000,0x0000000024840000)]
  0x000000001dde6800 JavaThread "http-nio-8111-exec-1" daemon [_thread_blocked, id=9580, stack(0x00000000245f0000,0x00000000246f0000)]
  0x000000001dde6000 JavaThread "NioBlockingSelector.BlockPoller-1" daemon [_thread_in_native, id=9836, stack(0x00000000244e0000,0x00000000245e0000)]
  0x000000001dde5000 JavaThread "spring-task-thread1" [_thread_blocked, id=6100, stack(0x00000000204f0000,0x00000000205f0000)]
  0x000000001dde4800 JavaThread "container-0" [_thread_blocked, id=11296, stack(0x000000001c690000,0x000000001c790000)]
  0x000000001dde3800 JavaThread "ContainerBackgroundProcessor[StandardEngine[Tomcat]]" daemon [_thread_blocked, id=10744, stack(0x00000000216c0000,0x00000000217c0000)]
  0x000000001a348000 JavaThread "RMI TCP Accept-0" daemon [_thread_in_native, id=10660, stack(0x000000001abb0000,0x000000001acb0000)]
  0x000000001a2c1000 JavaThread "RMI TCP Accept-63465" daemon [_thread_in_native, id=5656, stack(0x000000001aaa0000,0x000000001aba0000)]
  0x000000001a12a000 JavaThread "RMI TCP Accept-0" daemon [_thread_in_native, id=2188, stack(0x000000001a8f0000,0x000000001a9f0000)]
  0x0000000018bc6800 JavaThread "Service Thread" daemon [_thread_blocked, id=6636, stack(0x0000000019e80000,0x0000000019f80000)]
  0x0000000018b3f800 JavaThread "C1 CompilerThread2" daemon [_thread_blocked, id=9296, stack(0x0000000019d50000,0x0000000019e50000)]
  0x0000000018b3c000 JavaThread "C2 CompilerThread1" daemon [_thread_blocked, id=11524, stack(0x0000000018640000,0x0000000018740000)]
  0x0000000018b36000 JavaThread "C2 CompilerThread0" daemon [_thread_blocked, id=11976, stack(0x0000000019b20000,0x0000000019c20000)]
  0x0000000018b27000 JavaThread "JDWP Command Reader" daemon [_thread_in_native, id=11152, stack(0x00000000199b0000,0x0000000019ab0000)]
  0x0000000018b26000 JavaThread "JDWP Event Helper Thread" daemon [_thread_blocked, id=3708, stack(0x0000000019800000,0x0000000019900000)]
  0x0000000018b20800 JavaThread "JDWP Transport Listener: dt_socket" daemon [_thread_blocked, id=5500, stack(0x0000000019570000,0x0000000019670000)]
  0x0000000018b02800 JavaThread "Attach Listener" daemon [_thread_blocked, id=11076, stack(0x0000000018fa0000,0x00000000190a0000)]
  0x0000000017557000 JavaThread "Signal Dispatcher" daemon [_thread_blocked, id=11892, stack(0x00000000188e0000,0x00000000189e0000)]
  0x000000001753e000 JavaThread "Finalizer" daemon [_thread_blocked, id=9560, stack(0x00000000189f0000,0x0000000018af0000)]
  0x00000000174f7000 JavaThread "Reference Handler" daemon [_thread_blocked, id=9092, stack(0x0000000018770000,0x0000000018870000)]

Other Threads:
  0x00000000174ef800 VMThread [stack: 0x0000000018540000,0x0000000018640000] [id=6892]
  0x000000001a34a800 WatcherThread [stack: 0x000000001a7f0000,0x000000001a8f0000] [id=1424]

VM state:not at safepoint (normal execution)

VM Mutex/Monitor currently owned by a thread: None

Heap:
 PSYoungGen      total 214528K, used 123653K [0x00000000d6f80000, 0x00000000eb400000, 0x0000000100000000)
  eden space 200704K, 55% used [0x00000000d6f80000,0x00000000ddbe3790,0x00000000e3380000)
  from space 13824K, 91% used [0x00000000e3380000,0x00000000e3fdde08,0x00000000e4100000)
  to   space 15360K, 0% used [0x00000000ea500000,0x00000000ea500000,0x00000000eb400000)
 ParOldGen       total 70656K, used 21754K [0x0000000084e00000, 0x0000000089300000, 0x00000000d6f80000)
  object space 70656K, 30% used [0x0000000084e00000,0x000000008633e8f8,0x0000000089300000)
 Metaspace       used 48796K, capacity 49770K, committed 49920K, reserved 1093632K
  class space    used 5836K, capacity 6055K, committed 6144K, reserved 1048576K

Card table byte_map: [0x0000000011be0000,0x0000000011fc0000] byte_map_base: 0x00000000117b9000

Marking Bits: (ParMarkBitMap*) 0x00000000702dc720
 Begin Bits: [0x00000000129f0000, 0x00000000148b8000)
 End Bits:   [0x00000000148b8000, 0x0000000016780000)

Polling page: 0x0000000000140000

CodeCache: size=245760Kb used=20187Kb max_used=20459Kb free=225572Kb
 bounds [0x0000000002820000, 0x0000000003c30000, 0x0000000011820000]
 total_blobs=5818 nmethods=5320 adapters=418
 compilation: enabled

Compilation events (10 events):
Event: 1169.358 Thread 0x0000000018b3f800 6262       3       org.apache.tomcat.util.descriptor.web.FilterMap::getURLPatterns (17 bytes)
Event: 1169.358 Thread 0x0000000018b3f800 nmethod 6262 0x00000000039c07d0 code [0x00000000039c0920, 0x00000000039c0b50]
Event: 1169.358 Thread 0x0000000018b3f800 6263       3       org.apache.tomcat.util.descriptor.web.FilterMap::getServletNames (17 bytes)
Event: 1169.358 Thread 0x0000000018b3f800 nmethod 6263 0x0000000002ba5c90 code [0x0000000002ba5de0, 0x0000000002ba6010]
Event: 1169.358 Thread 0x0000000018b3f800 6264       3       org.apache.tomcat.util.http.NamesEnumerator::nextElement (5 bytes)
Event: 1169.359 Thread 0x0000000018b3f800 nmethod 6264 0x0000000002ba5850 code [0x0000000002ba59c0, 0x0000000002ba5bc8]
Event: 1169.359 Thread 0x0000000018b3f800 6265       3       org.apache.tomcat.util.http.NamesEnumerator::nextElement (11 bytes)
Event: 1169.359 Thread 0x0000000018b3f800 nmethod 6265 0x0000000002ba3650 code [0x0000000002ba37c0, 0x0000000002ba3968]
Event: 1169.359 Thread 0x0000000018b3f800 6266       3       org.springframework.http.HttpHeaders::add (47 bytes)
Event: 1169.359 Thread 0x0000000018b3f800 nmethod 6266 0x0000000002ba29d0 code [0x0000000002ba2ba0, 0x0000000002ba3308]

GC Heap History (10 events):
Event: 9.858 GC heap before
{Heap before GC invocations=7 (full 1):
 PSYoungGen      total 68608K, used 68579K [0x00000000d6f80000, 0x00000000df200000, 0x0000000100000000)
  eden space 63488K, 100% used [0x00000000d6f80000,0x00000000dad80000,0x00000000dad80000)
  from space 5120K, 99% used [0x00000000dad80000,0x00000000db278c98,0x00000000db280000)
  to   space 8704K, 0% used [0x00000000de980000,0x00000000de980000,0x00000000df200000)
 ParOldGen       total 46592K, used 7195K [0x0000000084e00000, 0x0000000087b80000, 0x00000000d6f80000)
  object space 46592K, 15% used [0x0000000084e00000,0x0000000085506df8,0x0000000087b80000)
 Metaspace       used 26922K, capacity 27268K, committed 27520K, reserved 1073152K
  class space    used 3290K, capacity 3395K, committed 3456K, reserved 1048576K
Event: 9.904 GC heap after
Heap after GC invocations=7 (full 1):
 PSYoungGen      total 122368K, used 7821K [0x00000000d6f80000, 0x00000000df180000, 0x0000000100000000)
  eden space 114176K, 0% used [0x00000000d6f80000,0x00000000d6f80000,0x00000000ddf00000)
  from space 8192K, 95% used [0x00000000de980000,0x00000000df123610,0x00000000df180000)
  to   space 9216K, 0% used [0x00000000ddf80000,0x00000000ddf80000,0x00000000de880000)
 ParOldGen       total 46592K, used 7195K [0x0000000084e00000, 0x0000000087b80000, 0x00000000d6f80000)
  object space 46592K, 15% used [0x0000000084e00000,0x0000000085506df8,0x0000000087b80000)
 Metaspace       used 26922K, capacity 27268K, committed 27520K, reserved 1073152K
  class space    used 3290K, capacity 3395K, committed 3456K, reserved 1048576K
}
Event: 12.924 GC heap before
{Heap before GC invocations=8 (full 1):
 PSYoungGen      total 122368K, used 121997K [0x00000000d6f80000, 0x00000000df180000, 0x0000000100000000)
  eden space 114176K, 100% used [0x00000000d6f80000,0x00000000ddf00000,0x00000000ddf00000)
  from space 8192K, 95% used [0x00000000de980000,0x00000000df123610,0x00000000df180000)
  to   space 9216K, 0% used [0x00000000ddf80000,0x00000000ddf80000,0x00000000de880000)
 ParOldGen       total 46592K, used 7195K [0x0000000084e00000, 0x0000000087b80000, 0x00000000d6f80000)
  object space 46592K, 15% used [0x0000000084e00000,0x0000000085506df8,0x0000000087b80000)
 Metaspace       used 34777K, capacity 35206K, committed 35456K, reserved 1081344K
  class space    used 4252K, capacity 4366K, committed 4480K, reserved 1048576K
Event: 12.950 GC heap after
Heap after GC invocations=8 (full 1):
 PSYoungGen      total 123904K, used 9187K [0x00000000d6f80000, 0x00000000e4f00000, 0x0000000100000000)
  eden space 114688K, 0% used [0x00000000d6f80000,0x00000000d6f80000,0x00000000ddf80000)
  from space 9216K, 99% used [0x00000000ddf80000,0x00000000de878ef0,0x00000000de880000)
  to   space 14336K, 0% used [0x00000000e4100000,0x00000000e4100000,0x00000000e4f00000)
 ParOldGen       total 46592K, used 15630K [0x0000000084e00000, 0x0000000087b80000, 0x00000000d6f80000)
  object space 46592K, 33% used [0x0000000084e00000,0x0000000085d43af0,0x0000000087b80000)
 Metaspace       used 34777K, capacity 35206K, committed 35456K, reserved 1081344K
  class space    used 4252K, capacity 4366K, committed 4480K, reserved 1048576K
}
Event: 12.988 GC heap before
{Heap before GC invocations=9 (full 1):
 PSYoungGen      total 123904K, used 13015K [0x00000000d6f80000, 0x00000000e4f00000, 0x0000000100000000)
  eden space 114688K, 3% used [0x00000000d6f80000,0x00000000d733d028,0x00000000ddf80000)
  from space 9216K, 99% used [0x00000000ddf80000,0x00000000de878ef0,0x00000000de880000)
  to   space 14336K, 0% used [0x00000000e4100000,0x00000000e4100000,0x00000000e4f00000)
 ParOldGen       total 46592K, used 15630K [0x0000000084e00000, 0x0000000087b80000, 0x00000000d6f80000)
  object space 46592K, 33% used [0x0000000084e00000,0x0000000085d43af0,0x0000000087b80000)
 Metaspace       used 34840K, capacity 35206K, committed 35456K, reserved 1081344K
  class space    used 4260K, capacity 4366K, committed 4480K, reserved 1048576K
Event: 13.008 GC heap after
Heap after GC invocations=9 (full 1):
 PSYoungGen      total 215040K, used 9359K [0x00000000d6f80000, 0x00000000e5e80000, 0x0000000100000000)
  eden space 200704K, 0% used [0x00000000d6f80000,0x00000000d6f80000,0x00000000e3380000)
  from space 14336K, 65% used [0x00000000e4100000,0x00000000e4a23ee0,0x00000000e4f00000)
  to   space 13824K, 0% used [0x00000000e3380000,0x00000000e3380000,0x00000000e4100000)
 ParOldGen       total 46592K, used 15630K [0x0000000084e00000, 0x0000000087b80000, 0x00000000d6f80000)
  object space 46592K, 33% used [0x0000000084e00000,0x0000000085d43af0,0x0000000087b80000)
 Metaspace       used 34840K, capacity 35206K, committed 35456K, reserved 1081344K
  class space    used 4260K, capacity 4366K, committed 4480K, reserved 1048576K
}
Event: 13.008 GC heap before
{Heap before GC invocations=10 (full 2):
 PSYoungGen      total 215040K, used 9359K [0x00000000d6f80000, 0x00000000e5e80000, 0x0000000100000000)
  eden space 200704K, 0% used [0x00000000d6f80000,0x00000000d6f80000,0x00000000e3380000)
  from space 14336K, 65% used [0x00000000e4100000,0x00000000e4a23ee0,0x00000000e4f00000)
  to   space 13824K, 0% used [0x00000000e3380000,0x00000000e3380000,0x00000000e4100000)
 ParOldGen       total 46592K, used 15630K [0x0000000084e00000, 0x0000000087b80000, 0x00000000d6f80000)
  object space 46592K, 33% used [0x0000000084e00000,0x0000000085d43af0,0x0000000087b80000)
 Metaspace       used 34840K, capacity 35206K, committed 35456K, reserved 1081344K
  class space    used 4260K, capacity 4366K, committed 4480K, reserved 1048576K
Event: 13.192 GC heap after
Heap after GC invocations=10 (full 2):
 PSYoungGen      total 215040K, used 0K [0x00000000d6f80000, 0x00000000e5e80000, 0x0000000100000000)
  eden space 200704K, 0% used [0x00000000d6f80000,0x00000000d6f80000,0x00000000e3380000)
  from space 14336K, 0% used [0x00000000e4100000,0x00000000e4100000,0x00000000e4f00000)
  to   space 13824K, 0% used [0x00000000e3380000,0x00000000e3380000,0x00000000e4100000)
 ParOldGen       total 70656K, used 21746K [0x0000000084e00000, 0x0000000089300000, 0x00000000d6f80000)
  object space 70656K, 30% used [0x0000000084e00000,0x000000008633c8f8,0x0000000089300000)
 Metaspace       used 34840K, capacity 35206K, committed 35456K, reserved 1081344K
  class space    used 4260K, capacity 4366K, committed 4480K, reserved 1048576K
}
Event: 18.964 GC heap before
{Heap before GC invocations=11 (full 2):
 PSYoungGen      total 215040K, used 200704K [0x00000000d6f80000, 0x00000000e5e80000, 0x0000000100000000)
  eden space 200704K, 100% used [0x00000000d6f80000,0x00000000e3380000,0x00000000e3380000)
  from space 14336K, 0% used [0x00000000e4100000,0x00000000e4100000,0x00000000e4f00000)
  to   space 13824K, 0% used [0x00000000e3380000,0x00000000e3380000,0x00000000e4100000)
 ParOldGen       total 70656K, used 21746K [0x0000000084e00000, 0x0000000089300000, 0x00000000d6f80000)
  object space 70656K, 30% used [0x0000000084e00000,0x000000008633c8f8,0x0000000089300000)
 Metaspace       used 40705K, capacity 41078K, committed 41344K, reserved 1085440K
  class space    used 5030K, capacity 5126K, committed 5248K, reserved 1048576K
Event: 19.128 GC heap after
Heap after GC invocations=11 (full 2):
 PSYoungGen      total 214528K, used 12663K [0x00000000d6f80000, 0x00000000eb400000, 0x0000000100000000)
  eden space 200704K, 0% used [0x00000000d6f80000,0x00000000d6f80000,0x00000000e3380000)
  from space 13824K, 91% used [0x00000000e3380000,0x00000000e3fdde08,0x00000000e4100000)
  to   space 15360K, 0% used [0x00000000ea500000,0x00000000ea500000,0x00000000eb400000)
 ParOldGen       total 70656K, used 21754K [0x0000000084e00000, 0x0000000089300000, 0x00000000d6f80000)
  object space 70656K, 30% used [0x0000000084e00000,0x000000008633e8f8,0x0000000089300000)
 Metaspace       used 40705K, capacity 41078K, committed 41344K, reserved 1085440K
  class space    used 5030K, capacity 5126K, committed 5248K, reserved 1048576K
}

Deoptimization events (10 events):
Event: 310.975 Thread 0x000000001dde2000 Uncommon trap: reason=class_check action=maybe_recompile pc=0x000000000393b5fc method=com.microsoft.sqlserver.jdbc.TDSParser.parse(Lcom/microsoft/sqlserver/jdbc/TDSReader;Lcom/microsoft/sqlserver/jdbc/TDSTokenHandler;)V @ 357
Event: 310.977 Thread 0x000000001f431000 Uncommon trap: reason=range_check action=none pc=0x0000000002b6579c method=sun.reflect.generics.parser.SignatureParser.current()C @ 34
Event: 311.235 Thread 0x000000001f431000 Uncommon trap: reason=bimorphic action=maybe_recompile pc=0x00000000039420a0 method=org.apache.ibatis.executor.resultset.DefaultResultSetHandler.getPropertyMappingValue(Ljava/sql/ResultSet;Lorg/apache/ibatis/reflection/MetaObject;Lorg/apache/ibatis/mappin
Event: 311.235 Thread 0x000000001f431000 Uncommon trap: reason=bimorphic action=maybe_recompile pc=0x00000000039420a0 method=org.apache.ibatis.executor.resultset.DefaultResultSetHandler.getPropertyMappingValue(Ljava/sql/ResultSet;Lorg/apache/ibatis/reflection/MetaObject;Lorg/apache/ibatis/mappin
Event: 311.236 Thread 0x000000001f431000 Uncommon trap: reason=bimorphic action=maybe_recompile pc=0x00000000039420a0 method=org.apache.ibatis.executor.resultset.DefaultResultSetHandler.getPropertyMappingValue(Ljava/sql/ResultSet;Lorg/apache/ibatis/reflection/MetaObject;Lorg/apache/ibatis/mappin
Event: 311.236 Thread 0x000000001f431000 Uncommon trap: reason=bimorphic action=maybe_recompile pc=0x00000000039420a0 method=org.apache.ibatis.executor.resultset.DefaultResultSetHandler.getPropertyMappingValue(Ljava/sql/ResultSet;Lorg/apache/ibatis/reflection/MetaObject;Lorg/apache/ibatis/mappin
Event: 411.801 Thread 0x000000001f432800 Uncommon trap: reason=class_check action=maybe_recompile pc=0x000000000393b5fc method=com.microsoft.sqlserver.jdbc.TDSParser.parse(Lcom/microsoft/sqlserver/jdbc/TDSReader;Lcom/microsoft/sqlserver/jdbc/TDSTokenHandler;)V @ 357
Event: 853.197 Thread 0x000000001dde8000 Uncommon trap: reason=unstable_if action=reinterpret pc=0x0000000003a5cc04 method=org.apache.ibatis.executor.resultset.DefaultResultSetHandler.hasTypeHandlerForResultObject(Lorg/apache/ibatis/executor/resultset/ResultSetWrapper;Ljava/lang/Class;)Z @ 10
Event: 853.198 Thread 0x000000001dde8000 Uncommon trap: reason=unstable_if action=reinterpret pc=0x0000000002a6254c method=org.apache.ibatis.executor.resultset.DefaultResultSetHandler.hasTypeHandlerForResultObject(Lorg/apache/ibatis/executor/resultset/ResultSetWrapper;Ljava/lang/Class;)Z @ 10
Event: 881.661 Thread 0x000000001dde6800 Uncommon trap: reason=unhandled action=none pc=0x000000000344a700 method=java.net.URLClassLoader.findClass(Ljava/lang/String;)Ljava/lang/Class; @ 44

Internal exceptions (10 events):
Event: 65.211 Thread 0x000000001dde6800 Exception <a 'java/lang/ArrayIndexOutOfBoundsException': 67> (0x00000000dac8c0f0) thrown at [C:\re\workspace\8-2-build-windows-amd64-cygwin\jdk8u131\8869\hotspot\src\share\vm\interpreter\interpreterRuntime.cpp, line 366]
Event: 310.944 Thread 0x000000001f431000 Exception <a 'java/lang/NullPointerException'> (0x00000000dc726740) thrown at [C:\re\workspace\8-2-build-windows-amd64-cygwin\jdk8u131\8869\hotspot\src\share\vm\interpreter\linkResolver.cpp, line 1197]
Event: 310.975 Thread 0x000000001dde2000 Exception <a 'java/lang/NullPointerException'> (0x00000000dc85a508) thrown at [C:\re\workspace\8-2-build-windows-amd64-cygwin\jdk8u131\8869\hotspot\src\share\vm\interpreter\linkResolver.cpp, line 1197]
Event: 310.977 Thread 0x000000001f431000 Exception <a 'java/lang/ArrayIndexOutOfBoundsException': 74> (0x00000000dc72cb08) thrown at [C:\re\workspace\8-2-build-windows-amd64-cygwin\jdk8u131\8869\hotspot\src\share\vm\interpreter\interpreterRuntime.cpp, line 366]
Event: 411.801 Thread 0x000000001f432800 Exception <a 'java/lang/NullPointerException'> (0x00000000dcaf51c0) thrown at [C:\re\workspace\8-2-build-windows-amd64-cygwin\jdk8u131\8869\hotspot\src\share\vm\interpreter\linkResolver.cpp, line 1197]
Event: 411.825 Thread 0x000000001dde2000 Exception <a 'java/lang/NullPointerException'> (0x00000000dc8b6be0) thrown at [C:\re\workspace\8-2-build-windows-amd64-cygwin\jdk8u131\8869\hotspot\src\share\vm\interpreter\linkResolver.cpp, line 1197]
Event: 778.016 Thread 0x000000001dde6800 Exception <a 'java/lang/NullPointerException'> (0x00000000dad01068) thrown at [C:\re\workspace\8-2-build-windows-amd64-cygwin\jdk8u131\8869\hotspot\src\share\vm\interpreter\linkResolver.cpp, line 1197]
Event: 778.053 Thread 0x000000001dde2000 Exception <a 'java/lang/NullPointerException'> (0x00000000dc910e50) thrown at [C:\re\workspace\8-2-build-windows-amd64-cygwin\jdk8u131\8869\hotspot\src\share\vm\interpreter\linkResolver.cpp, line 1197]
Event: 846.234 Thread 0x000000001f432000 Exception <a 'java/lang/NullPointerException'> (0x00000000db916cf8) thrown at [C:\re\workspace\8-2-build-windows-amd64-cygwin\jdk8u131\8869\hotspot\src\share\vm\interpreter\linkResolver.cpp, line 1197]
Event: 846.271 Thread 0x000000001dde2000 Exception <a 'java/lang/NullPointerException'> (0x00000000dc96b170) thrown at [C:\re\workspace\8-2-build-windows-amd64-cygwin\jdk8u131\8869\hotspot\src\share\vm\interpreter\linkResolver.cpp, line 1197]

Events (10 events):
Event: 1118.133 Thread 0x0000000018b3f800 flushing nmethod 0x0000000002ba1550
Event: 1118.133 Thread 0x0000000018b3f800 flushing nmethod 0x0000000002ba4490
Event: 1118.136 Thread 0x0000000018b3f800 flushing nmethod 0x0000000002ce0ad0
Event: 1118.186 Thread 0x0000000018b3f800 flushing nmethod 0x00000000039a7e10
Event: 1118.186 Thread 0x0000000018b3f800 flushing nmethod 0x00000000039ab110
Event: 1118.186 Thread 0x0000000018b3f800 flushing nmethod 0x00000000039ad610
Event: 1118.186 Thread 0x0000000018b3f800 flushing nmethod 0x00000000039c3310
Event: 1118.186 Thread 0x0000000018b3f800 flushing nmethod 0x00000000039c4e50
Event: 1118.186 Thread 0x0000000018b3f800 flushing nmethod 0x00000000039c6ed0
Event: 1118.186 Thread 0x0000000018b3f800 flushing nmethod 0x0000000003a101d0


Dynamic libraries:
0x000000013f2b0000 - 0x000000013f2e7000 	C:\Program Files\Java\jdk1.8.0_131\bin\javaw.exe
0x0000000077160000 - 0x00000000772ff000 	C:\Windows\SYSTEM32\ntdll.dll
0x0000000077040000 - 0x000000007715f000 	C:\Windows\system32\kernel32.dll
0x000007fefcef0000 - 0x000007fefcf5a000 	C:\Windows\system32\KERNELBASE.dll
0x00000000749a0000 - 0x0000000074a29000 	C:\Windows\System32\SYSFER.DLL
0x000007fefde90000 - 0x000007fefdf6b000 	C:\Windows\system32\ADVAPI32.dll
0x000007fefe3d0000 - 0x000007fefe46f000 	C:\Windows\system32\msvcrt.dll
0x000007fefe110000 - 0x000007fefe12f000 	C:\Windows\SYSTEM32\sechost.dll
0x000007fefed00000 - 0x000007fefee2d000 	C:\Windows\system32\RPCRT4.dll
0x0000000076f40000 - 0x000000007703a000 	C:\Windows\system32\USER32.dll
0x000007fefe130000 - 0x000007fefe197000 	C:\Windows\system32\GDI32.dll
0x000007fefe080000 - 0x000007fefe08e000 	C:\Windows\system32\LPK.dll
0x000007feff380000 - 0x000007feff44b000 	C:\Windows\system32\USP10.dll
0x000007fefbeb0000 - 0x000007fefc0a4000 	C:\Windows\WinSxS\amd64_microsoft.windows.common-controls_6595b64144ccf1df_6.0.7601.18837_none_fa3b1e3d17594757\COMCTL32.dll
0x000007fefe090000 - 0x000007fefe101000 	C:\Windows\system32\SHLWAPI.dll
0x000007fefe050000 - 0x000007fefe07e000 	C:\Windows\system32\IMM32.DLL
0x000007fefebf0000 - 0x000007fefecf9000 	C:\Windows\system32\MSCTF.dll
0x0000000077b90000 - 0x0000000077c62000 	C:\Program Files\Java\jdk1.8.0_131\jre\bin\msvcr100.dll
0x000000006fac0000 - 0x000000007035c000 	C:\Program Files\Java\jdk1.8.0_131\jre\bin\server\jvm.dll
0x000007fef2e50000 - 0x000007fef2e59000 	C:\Windows\system32\WSOCK32.dll
0x000007fefe470000 - 0x000007fefe4bd000 	C:\Windows\system32\WS2_32.dll
0x000007fefde00000 - 0x000007fefde08000 	C:\Windows\system32\NSI.dll
0x000007fefac90000 - 0x000007fefaccb000 	C:\Windows\system32\WINMM.dll
0x000007fefbb80000 - 0x000007fefbb8c000 	C:\Windows\system32\VERSION.dll
0x0000000077300000 - 0x0000000077307000 	C:\Windows\system32\PSAPI.DLL
0x0000000068de0000 - 0x0000000068def000 	C:\Program Files\Java\jdk1.8.0_131\jre\bin\verify.dll
0x0000000063240000 - 0x0000000063269000 	C:\Program Files\Java\jdk1.8.0_131\jre\bin\java.dll
0x00000000515a0000 - 0x00000000515d5000 	C:\Program Files\Java\jdk1.8.0_131\jre\bin\jdwp.dll
0x0000000062280000 - 0x0000000062288000 	C:\Program Files\Java\jdk1.8.0_131\jre\bin\npt.dll
0x000000005edb0000 - 0x000000005edc6000 	C:\Program Files\Java\jdk1.8.0_131\jre\bin\zip.dll
0x000007fefd070000 - 0x000007fefddfa000 	C:\Windows\system32\SHELL32.dll
0x000007feff120000 - 0x000007feff31f000 	C:\Windows\system32\ole32.dll
0x000007fefccb0000 - 0x000007fefccbf000 	C:\Windows\system32\profapi.dll
0x0000000062270000 - 0x0000000062279000 	C:\Program Files\Java\jdk1.8.0_131\jre\bin\dt_socket.dll
0x000007fefa870000 - 0x000007fefa885000 	C:\Windows\system32\NLAapi.dll
0x000007fef2200000 - 0x000007fef2215000 	C:\Windows\system32\napinsp.dll
0x000007fef2170000 - 0x000007fef2189000 	C:\Windows\system32\pnrpnsp.dll
0x000007fefc3f0000 - 0x000007fefc445000 	C:\Windows\System32\mswsock.dll
0x000007fefc270000 - 0x000007fefc2cb000 	C:\Windows\system32\DNSAPI.dll
0x000007fef21f0000 - 0x000007fef21fb000 	C:\Windows\System32\winrnr.dll
0x000007fef2160000 - 0x000007fef2170000 	C:\Windows\system32\wshbth.dll
0x0000000073e80000 - 0x0000000073eb5000 	C:\Program Files\Bonjour\mdnsNSP.dll
0x000007fefa4d0000 - 0x000007fefa4f7000 	C:\Windows\system32\Iphlpapi.DLL
0x000007fefa4c0000 - 0x000007fefa4cb000 	C:\Windows\system32\WINNSI.DLL
0x000007fefa2b0000 - 0x000007fefa303000 	C:\Windows\System32\fwpuclnt.dll
0x000007fef5bf0000 - 0x000007fef5bf8000 	C:\Windows\system32\rasadhlp.dll
0x000007fefbc50000 - 0x000007fefbc57000 	C:\Windows\System32\wshtcpip.dll
0x000000005e5c0000 - 0x000000005e5cd000 	C:\Program Files\Java\jdk1.8.0_131\jre\bin\management.dll
0x00000000516e0000 - 0x00000000516fa000 	C:\Program Files\Java\jdk1.8.0_131\jre\bin\net.dll
0x000007fefc3e0000 - 0x000007fefc3e7000 	C:\Windows\System32\wship6.dll
0x0000000051600000 - 0x0000000051611000 	C:\Program Files\Java\jdk1.8.0_131\jre\bin\nio.dll
0x000007fefc450000 - 0x000007fefc468000 	C:\Windows\system32\CRYPTSP.dll
0x000007fefc150000 - 0x000007fefc197000 	C:\Windows\system32\rsaenh.dll
0x000007fefcd10000 - 0x000007fefcd2e000 	C:\Windows\system32\USERENV.dll
0x000007fefcaf0000 - 0x000007fefcaff000 	C:\Windows\system32\CRYPTBASE.dll
0x000007fefa360000 - 0x000007fefa378000 	C:\Windows\system32\dhcpcsvc.DLL
0x000007fefa340000 - 0x000007fefa351000 	C:\Windows\system32\dhcpcsvc6.DLL
0x0000000050ab0000 - 0x0000000050ad4000 	C:\Program Files\Java\jdk1.8.0_131\jre\bin\sunec.dll
0x000000005e5b0000 - 0x000000005e5bb000 	C:\Program Files\Java\jdk1.8.0_131\jre\bin\sunmscapi.dll
0x000007fefcd80000 - 0x000007fefceed000 	C:\Windows\system32\CRYPT32.dll
0x000007fefccc0000 - 0x000007fefcccf000 	C:\Windows\system32\MSASN1.dll
0x000007feed0f0000 - 0x000007feed215000 	C:\Windows\system32\dbghelp.dll

VM Arguments:
jvm_args: -agentlib:jdwp=transport=dt_socket,suspend=y,address=localhost:63466 -Dcom.sun.management.jmxremote -Dcom.sun.management.jmxremote.port=63465 -Dcom.sun.management.jmxremote.authenticate=false -Dcom.sun.management.jmxremote.ssl=false -Djava.rmi.server.hostname=localhost -Dspring.liveBeansView.mbeanDomain -Dspring.application.admin.enabled=true -Dfile.encoding=UTF-8 
java_command: com.nssol.NssolRfidApplication
java_class_path (initial): D:\svn\seg2iot\trunk\02_Source\NSSOL_RFID\Server\NSSOL_RFID\target\classes;C:\Users\lai.guoping\.m2\repository\org\springframework\boot\spring-boot-starter-web\1.5.19.RELEASE\spring-boot-starter-web-1.5.19.RELEASE.jar;C:\Users\lai.guoping\.m2\repository\org\springframework\boot\spring-boot-starter\1.5.19.RELEASE\spring-boot-starter-1.5.19.RELEASE.jar;C:\Users\lai.guoping\.m2\repository\org\springframework\boot\spring-boot\1.5.19.RELEASE\spring-boot-1.5.19.RELEASE.jar;C:\Users\lai.guoping\.m2\repository\org\springframework\boot\spring-boot-autoconfigure\1.5.19.RELEASE\spring-boot-autoconfigure-1.5.19.RELEASE.jar;C:\Users\lai.guoping\.m2\repository\org\springframework\boot\spring-boot-starter-logging\1.5.19.RELEASE\spring-boot-starter-logging-1.5.19.RELEASE.jar;C:\Users\lai.guoping\.m2\repository\org\slf4j\jcl-over-slf4j\1.7.25\jcl-over-slf4j-1.7.25.jar;C:\Users\lai.guoping\.m2\repository\org\slf4j\jul-to-slf4j\1.7.25\jul-to-slf4j-1.7.25.jar;C:\Users\lai.guoping\.m2\repository\org\slf4j\log4j-over-slf4j\1.7.25\log4j-over-slf4j-1.7.25.jar;C:\Users\lai.guoping\.m2\repository\org\yaml\snakeyaml\1.17\snakeyaml-1.17.jar;C:\Users\lai.guoping\.m2\repository\org\springframework\boot\spring-boot-starter-tomcat\1.5.19.RELEASE\spring-boot-starter-tomcat-1.5.19.RELEASE.jar;C:\Users\lai.guoping\.m2\repository\org\apache\tomcat\embed\tomcat-embed-core\8.5.37\tomcat-embed-core-8.5.37.jar;C:\Users\lai.guoping\.m2\repository\org\apache\tomcat\tomcat-annotations-api\8.5.37\tomcat-annotations-api-8.5.37.jar;C:\Users\lai.guoping\.m2\repository\org\apache\tomcat\embed\tomcat-embed-el\8.5.37\tomcat-embed-el-8.5.37.jar;C:\Users\lai.guoping\.m2\repository\org\apache\tomcat\embed\tomcat-embed-websocket\8.5.37\tomcat-embed-websocket-8.5.37.jar;C:\Users\lai.guoping\.m2\repository\org\hibernate\hibernate-validator\5.3.6.Final\hibernate-validator-5.3.6.Final.jar;C:\Users\lai.guoping\.m2\repository\javax\validation\validation-api\1.1.0.Final\validation-api-1.1.0.Final.
Launcher Type: SUN_STANDARD

Environment Variables:
JAVA_HOME=C:\Program Files\Java\jdk1.8.0_131
CLASSPATH=.;C:\Program Files\Java\jdk1.8.0_131\lib;C:\Program Files\Java\jdk1.8.0_131\lib\dt.jar;C:\Program Files\Java\jdk1.8.0_131\lib\tools.jar;C:\Program Files\Zebra EMDK for Java\RFID\bin\Symbol.RFID.API3.jar
PATH=C:/Program Files/Java/jre1.8.0_131/bin/server;C:/Program Files/Java/jre1.8.0_131/bin;C:/Program Files/Java/jre1.8.0_131/lib/amd64;C:\ProgramData\Oracle\Java\javapath;C:\Program Files\Microsoft MPI\Bin\;C:\Program Files (x86)\Intel\iCLS Client\;C:\Program Files\Intel\iCLS Client\;C:\Windows\system32;C:\Windows;C:\Windows\System32\Wbem;C:\Windows\System32\WindowsPowerShell\v1.0\;C:\Program Files (x86)\Intel\Intel(R) Management Engine Components\DAL;C:\Program Files\Intel\Intel(R) Management Engine Components\DAL;C:\Program Files (x86)\Intel\Intel(R) Management Engine Components\IPT;C:\Program Files\Intel\Intel(R) Management Engine Components\IPT;C:\Program Files\Pudun\PSS\PSSClient\;C:\Program Files\TortoiseSVN\bin;C:\Program Files\Microsoft SQL Server\130\Tools\Binn\;C:\Program Files\dotnet\;C:\Program Files\Microsoft SQL Server\120\Tools\Binn\;C:\Program Files\Amazon\AWSCLI\;C:\Program Files (x86)\Microsoft SQL Server\110\Tools\Binn\;C:\Program Files\Microsoft SQL Server\110\Tools\Binn\;C:\Program Files\Microsoft SQL Server\110\DTS\Binn\;C:\Program Files (x86)\Microsoft SQL Server\110\Tools\Binn\ManagementStudio\;C:\Program Files (x86)\Microsoft Visual Studio 10.0\Common7\IDE\PrivateAssemblies\;C:\Program Files (x86)\Microsoft SQL Server\110\DTS\Binn\;C:\Program Files\Java\jdk1.8.0_131\bin;C:\Program Files\Java\jdk1.8.0_131\jre\bin;D:\apache-maven-3.5.0\bin;C:\OpenSSL-Win64\bin;C:\Python\Python37;C:\Program Files\Git\cmd;C:\Program Files\TortoiseGit\bin;C:\Program Files\nodejs\;C:\Program Files\PostgreSQL\10\bin;D:\Program Files\nodejs;E:\FR\SPL\nginx-1.14.0\nginx-1.14.0;C:\Users\lai.guoping\AppData\Roaming\npm;D:\eclipse;
USERNAME=lai.guoping
OS=Windows_NT
PROCESSOR_IDENTIFIER=Intel64 Family 6 Model 69 Stepping 1, GenuineIntel



---------------  S Y S T E M  ---------------

OS: Windows 7 , 64 bit Build 7601 (6.1.7601.24354)

CPU:total 4 (initial active 4) (2 cores per cpu, 2 threads per core) family 6 model 69 stepping 1, cmov, cx8, fxsr, mmx, sse, sse2, sse3, ssse3, sse4.1, sse4.2, popcnt, avx, avx2, clmul, erms, lzcnt, ht, tsc, tscinvbit, bmi1, bmi2

Memory: 4k page, physical 8068900k(1565004k free), swap 16135896k(8213972k free)

vm_info: Java HotSpot(TM) 64-Bit Server VM (25.131-b11) for windows-amd64 JRE (1.8.0_131-b11), built on Mar 15 2017 01:23:53 by "java_re" with MS VC++ 10.0 (VS2010)

time: Tue Mar 12 14:35:08 2019
elapsed time: 1169 seconds (0d 0h 19m 29s)

